[2023-06-27 03:44:06] local.ERROR: Please provide a valid cache path. {"exception":"[object] (InvalidArgumentException(code: 0): Please provide a valid cache path. at C:\\MAMP\\htdocs\\proposal.staging-sites.com.au\\vendor\\laravel\\framework\\src\\Illuminate\\View\\Compilers\\Compiler.php:66)
[stacktrace]
#0 C:\\MAMP\\htdocs\\proposal.staging-sites.com.au\\vendor\\laravel\\framework\\src\\Illuminate\\View\\ViewServiceProvider.php(101): Illuminate\\View\\Compilers\\Compiler->__construct(Object(Illuminate\\Filesystem\\Filesystem), false, '', true, 'php')
#1 C:\\MAMP\\htdocs\\proposal.staging-sites.com.au\\vendor\\laravel\\framework\\src\\Illuminate\\Container\\Container.php(871): Illuminate\\View\\ViewServiceProvider->Illuminate\\View\\{closure}(Object(Illuminate\\Foundation\\Application), Array)
#2 C:\\MAMP\\htdocs\\proposal.staging-sites.com.au\\vendor\\laravel\\framework\\src\\Illuminate\\Container\\Container.php(756): Illuminate\\Container\\Container->build(Object(Closure))
#3 C:\\MAMP\\htdocs\\proposal.staging-sites.com.au\\vendor\\laravel\\framework\\src\\Illuminate\\Foundation\\Application.php(860): Illuminate\\Container\\Container->resolve('blade.compiler', Array, true)
#4 C:\\MAMP\\htdocs\\proposal.staging-sites.com.au\\vendor\\laravel\\framework\\src\\Illuminate\\Container\\Container.php(692): Illuminate\\Foundation\\Application->resolve('blade.compiler', Array)
#5 C:\\MAMP\\htdocs\\proposal.staging-sites.com.au\\vendor\\laravel\\framework\\src\\Illuminate\\Foundation\\Application.php(845): Illuminate\\Container\\Container->make('blade.compiler', Array)
#6 C:\\MAMP\\htdocs\\proposal.staging-sites.com.au\\vendor\\laravel\\framework\\src\\Illuminate\\Container\\Container.php(1419): Illuminate\\Foundation\\Application->make('blade.compiler')
#7 C:\\MAMP\\htdocs\\proposal.staging-sites.com.au\\vendor\\livewire\\livewire\\src\\LivewireServiceProvider.php(272): Illuminate\\Container\\Container->offsetGet('blade.compiler')
#8 C:\\MAMP\\htdocs\\proposal.staging-sites.com.au\\vendor\\livewire\\livewire\\src\\LivewireServiceProvider.php(79): Livewire\\LivewireServiceProvider->registerTagCompiler()
#9 C:\\MAMP\\htdocs\\proposal.staging-sites.com.au\\vendor\\laravel\\framework\\src\\Illuminate\\Container\\BoundMethod.php(36): Livewire\\LivewireServiceProvider->boot()
#10 C:\\MAMP\\htdocs\\proposal.staging-sites.com.au\\vendor\\laravel\\framework\\src\\Illuminate\\Container\\Util.php(41): Illuminate\\Container\\BoundMethod::Illuminate\\Container\\{closure}()
#11 C:\\MAMP\\htdocs\\proposal.staging-sites.com.au\\vendor\\laravel\\framework\\src\\Illuminate\\Container\\BoundMethod.php(93): Illuminate\\Container\\Util::unwrapIfClosure(Object(Closure))
#12 C:\\MAMP\\htdocs\\proposal.staging-sites.com.au\\vendor\\laravel\\framework\\src\\Illuminate\\Container\\BoundMethod.php(37): Illuminate\\Container\\BoundMethod::callBoundMethod(Object(Illuminate\\Foundation\\Application), Array, Object(Closure))
#13 C:\\MAMP\\htdocs\\proposal.staging-sites.com.au\\vendor\\laravel\\framework\\src\\Illuminate\\Container\\Container.php(651): Illuminate\\Container\\BoundMethod::call(Object(Illuminate\\Foundation\\Application), Array, Array, NULL)
#14 C:\\MAMP\\htdocs\\proposal.staging-sites.com.au\\vendor\\laravel\\framework\\src\\Illuminate\\Foundation\\Application.php(933): Illuminate\\Container\\Container->call(Array)
#15 C:\\MAMP\\htdocs\\proposal.staging-sites.com.au\\vendor\\laravel\\framework\\src\\Illuminate\\Foundation\\Application.php(914): Illuminate\\Foundation\\Application->bootProvider(Object(Livewire\\LivewireServiceProvider))
#16 [internal function]: Illuminate\\Foundation\\Application->Illuminate\\Foundation\\{closure}(Object(Livewire\\LivewireServiceProvider), 26)
#17 C:\\MAMP\\htdocs\\proposal.staging-sites.com.au\\vendor\\laravel\\framework\\src\\Illuminate\\Foundation\\Application.php(915): array_walk(Array, Object(Closure))
#18 C:\\MAMP\\htdocs\\proposal.staging-sites.com.au\\vendor\\laravel\\framework\\src\\Illuminate\\Foundation\\Bootstrap\\BootProviders.php(17): Illuminate\\Foundation\\Application->boot()
#19 C:\\MAMP\\htdocs\\proposal.staging-sites.com.au\\vendor\\laravel\\framework\\src\\Illuminate\\Foundation\\Application.php(242): Illuminate\\Foundation\\Bootstrap\\BootProviders->bootstrap(Object(Illuminate\\Foundation\\Application))
#20 C:\\MAMP\\htdocs\\proposal.staging-sites.com.au\\vendor\\laravel\\framework\\src\\Illuminate\\Foundation\\Console\\Kernel.php(383): Illuminate\\Foundation\\Application->bootstrapWith(Array)
#21 C:\\MAMP\\htdocs\\proposal.staging-sites.com.au\\vendor\\laravel\\framework\\src\\Illuminate\\Foundation\\Console\\Kernel.php(153): Illuminate\\Foundation\\Console\\Kernel->bootstrap()
#22 C:\\MAMP\\htdocs\\proposal.staging-sites.com.au\\artisan(37): Illuminate\\Foundation\\Console\\Kernel->handle(Object(Symfony\\Component\\Console\\Input\\ArgvInput), Object(Symfony\\Component\\Console\\Output\\ConsoleOutput))
#23 {main}
"} 
[2023-06-27 04:02:49] local.ERROR: Please provide a valid cache path. {"exception":"[object] (InvalidArgumentException(code: 0): Please provide a valid cache path. at C:\\MAMP\\htdocs\\proposal.staging-sites.com.au\\vendor\\laravel\\framework\\src\\Illuminate\\View\\Compilers\\Compiler.php:66)
[stacktrace]
#0 C:\\MAMP\\htdocs\\proposal.staging-sites.com.au\\vendor\\laravel\\framework\\src\\Illuminate\\View\\ViewServiceProvider.php(101): Illuminate\\View\\Compilers\\Compiler->__construct(Object(Illuminate\\Filesystem\\Filesystem), false, '', true, 'php')
#1 C:\\MAMP\\htdocs\\proposal.staging-sites.com.au\\vendor\\laravel\\framework\\src\\Illuminate\\Container\\Container.php(871): Illuminate\\View\\ViewServiceProvider->Illuminate\\View\\{closure}(Object(Illuminate\\Foundation\\Application), Array)
#2 C:\\MAMP\\htdocs\\proposal.staging-sites.com.au\\vendor\\laravel\\framework\\src\\Illuminate\\Container\\Container.php(756): Illuminate\\Container\\Container->build(Object(Closure))
#3 C:\\MAMP\\htdocs\\proposal.staging-sites.com.au\\vendor\\laravel\\framework\\src\\Illuminate\\Foundation\\Application.php(860): Illuminate\\Container\\Container->resolve('blade.compiler', Array, true)
#4 C:\\MAMP\\htdocs\\proposal.staging-sites.com.au\\vendor\\laravel\\framework\\src\\Illuminate\\Container\\Container.php(692): Illuminate\\Foundation\\Application->resolve('blade.compiler', Array)
#5 C:\\MAMP\\htdocs\\proposal.staging-sites.com.au\\vendor\\laravel\\framework\\src\\Illuminate\\Foundation\\Application.php(845): Illuminate\\Container\\Container->make('blade.compiler', Array)
#6 C:\\MAMP\\htdocs\\proposal.staging-sites.com.au\\vendor\\laravel\\framework\\src\\Illuminate\\Container\\Container.php(1419): Illuminate\\Foundation\\Application->make('blade.compiler')
#7 C:\\MAMP\\htdocs\\proposal.staging-sites.com.au\\vendor\\livewire\\livewire\\src\\LivewireServiceProvider.php(272): Illuminate\\Container\\Container->offsetGet('blade.compiler')
#8 C:\\MAMP\\htdocs\\proposal.staging-sites.com.au\\vendor\\livewire\\livewire\\src\\LivewireServiceProvider.php(79): Livewire\\LivewireServiceProvider->registerTagCompiler()
#9 C:\\MAMP\\htdocs\\proposal.staging-sites.com.au\\vendor\\laravel\\framework\\src\\Illuminate\\Container\\BoundMethod.php(36): Livewire\\LivewireServiceProvider->boot()
#10 C:\\MAMP\\htdocs\\proposal.staging-sites.com.au\\vendor\\laravel\\framework\\src\\Illuminate\\Container\\Util.php(41): Illuminate\\Container\\BoundMethod::Illuminate\\Container\\{closure}()
#11 C:\\MAMP\\htdocs\\proposal.staging-sites.com.au\\vendor\\laravel\\framework\\src\\Illuminate\\Container\\BoundMethod.php(93): Illuminate\\Container\\Util::unwrapIfClosure(Object(Closure))
#12 C:\\MAMP\\htdocs\\proposal.staging-sites.com.au\\vendor\\laravel\\framework\\src\\Illuminate\\Container\\BoundMethod.php(37): Illuminate\\Container\\BoundMethod::callBoundMethod(Object(Illuminate\\Foundation\\Application), Array, Object(Closure))
#13 C:\\MAMP\\htdocs\\proposal.staging-sites.com.au\\vendor\\laravel\\framework\\src\\Illuminate\\Container\\Container.php(651): Illuminate\\Container\\BoundMethod::call(Object(Illuminate\\Foundation\\Application), Array, Array, NULL)
#14 C:\\MAMP\\htdocs\\proposal.staging-sites.com.au\\vendor\\laravel\\framework\\src\\Illuminate\\Foundation\\Application.php(933): Illuminate\\Container\\Container->call(Array)
#15 C:\\MAMP\\htdocs\\proposal.staging-sites.com.au\\vendor\\laravel\\framework\\src\\Illuminate\\Foundation\\Application.php(914): Illuminate\\Foundation\\Application->bootProvider(Object(Livewire\\LivewireServiceProvider))
#16 [internal function]: Illuminate\\Foundation\\Application->Illuminate\\Foundation\\{closure}(Object(Livewire\\LivewireServiceProvider), 26)
#17 C:\\MAMP\\htdocs\\proposal.staging-sites.com.au\\vendor\\laravel\\framework\\src\\Illuminate\\Foundation\\Application.php(915): array_walk(Array, Object(Closure))
#18 C:\\MAMP\\htdocs\\proposal.staging-sites.com.au\\vendor\\laravel\\framework\\src\\Illuminate\\Foundation\\Bootstrap\\BootProviders.php(17): Illuminate\\Foundation\\Application->boot()
#19 C:\\MAMP\\htdocs\\proposal.staging-sites.com.au\\vendor\\laravel\\framework\\src\\Illuminate\\Foundation\\Application.php(242): Illuminate\\Foundation\\Bootstrap\\BootProviders->bootstrap(Object(Illuminate\\Foundation\\Application))
#20 C:\\MAMP\\htdocs\\proposal.staging-sites.com.au\\vendor\\laravel\\framework\\src\\Illuminate\\Foundation\\Console\\Kernel.php(383): Illuminate\\Foundation\\Application->bootstrapWith(Array)
#21 C:\\MAMP\\htdocs\\proposal.staging-sites.com.au\\vendor\\laravel\\framework\\src\\Illuminate\\Foundation\\Console\\Kernel.php(153): Illuminate\\Foundation\\Console\\Kernel->bootstrap()
#22 C:\\MAMP\\htdocs\\proposal.staging-sites.com.au\\artisan(37): Illuminate\\Foundation\\Console\\Kernel->handle(Object(Symfony\\Component\\Console\\Input\\ArgvInput), Object(Symfony\\Component\\Console\\Output\\ConsoleOutput))
#23 {main}
"} 
[2023-06-27 04:02:50] local.ERROR: Please provide a valid cache path. {"exception":"[object] (InvalidArgumentException(code: 0): Please provide a valid cache path. at C:\\MAMP\\htdocs\\proposal.staging-sites.com.au\\vendor\\laravel\\framework\\src\\Illuminate\\View\\Compilers\\Compiler.php:66)
[stacktrace]
#0 C:\\MAMP\\htdocs\\proposal.staging-sites.com.au\\vendor\\laravel\\framework\\src\\Illuminate\\View\\ViewServiceProvider.php(101): Illuminate\\View\\Compilers\\Compiler->__construct(Object(Illuminate\\Filesystem\\Filesystem), false, '', true, 'php')
#1 C:\\MAMP\\htdocs\\proposal.staging-sites.com.au\\vendor\\laravel\\framework\\src\\Illuminate\\Container\\Container.php(871): Illuminate\\View\\ViewServiceProvider->Illuminate\\View\\{closure}(Object(Illuminate\\Foundation\\Application), Array)
#2 C:\\MAMP\\htdocs\\proposal.staging-sites.com.au\\vendor\\laravel\\framework\\src\\Illuminate\\Container\\Container.php(756): Illuminate\\Container\\Container->build(Object(Closure))
#3 C:\\MAMP\\htdocs\\proposal.staging-sites.com.au\\vendor\\laravel\\framework\\src\\Illuminate\\Foundation\\Application.php(860): Illuminate\\Container\\Container->resolve('blade.compiler', Array, true)
#4 C:\\MAMP\\htdocs\\proposal.staging-sites.com.au\\vendor\\laravel\\framework\\src\\Illuminate\\Container\\Container.php(692): Illuminate\\Foundation\\Application->resolve('blade.compiler', Array)
#5 C:\\MAMP\\htdocs\\proposal.staging-sites.com.au\\vendor\\laravel\\framework\\src\\Illuminate\\Foundation\\Application.php(845): Illuminate\\Container\\Container->make('blade.compiler', Array)
#6 C:\\MAMP\\htdocs\\proposal.staging-sites.com.au\\vendor\\laravel\\framework\\src\\Illuminate\\Container\\Container.php(1419): Illuminate\\Foundation\\Application->make('blade.compiler')
#7 C:\\MAMP\\htdocs\\proposal.staging-sites.com.au\\vendor\\livewire\\livewire\\src\\LivewireServiceProvider.php(272): Illuminate\\Container\\Container->offsetGet('blade.compiler')
#8 C:\\MAMP\\htdocs\\proposal.staging-sites.com.au\\vendor\\livewire\\livewire\\src\\LivewireServiceProvider.php(79): Livewire\\LivewireServiceProvider->registerTagCompiler()
#9 C:\\MAMP\\htdocs\\proposal.staging-sites.com.au\\vendor\\laravel\\framework\\src\\Illuminate\\Container\\BoundMethod.php(36): Livewire\\LivewireServiceProvider->boot()
#10 C:\\MAMP\\htdocs\\proposal.staging-sites.com.au\\vendor\\laravel\\framework\\src\\Illuminate\\Container\\Util.php(41): Illuminate\\Container\\BoundMethod::Illuminate\\Container\\{closure}()
#11 C:\\MAMP\\htdocs\\proposal.staging-sites.com.au\\vendor\\laravel\\framework\\src\\Illuminate\\Container\\BoundMethod.php(93): Illuminate\\Container\\Util::unwrapIfClosure(Object(Closure))
#12 C:\\MAMP\\htdocs\\proposal.staging-sites.com.au\\vendor\\laravel\\framework\\src\\Illuminate\\Container\\BoundMethod.php(37): Illuminate\\Container\\BoundMethod::callBoundMethod(Object(Illuminate\\Foundation\\Application), Array, Object(Closure))
#13 C:\\MAMP\\htdocs\\proposal.staging-sites.com.au\\vendor\\laravel\\framework\\src\\Illuminate\\Container\\Container.php(651): Illuminate\\Container\\BoundMethod::call(Object(Illuminate\\Foundation\\Application), Array, Array, NULL)
#14 C:\\MAMP\\htdocs\\proposal.staging-sites.com.au\\vendor\\laravel\\framework\\src\\Illuminate\\Foundation\\Application.php(933): Illuminate\\Container\\Container->call(Array)
#15 C:\\MAMP\\htdocs\\proposal.staging-sites.com.au\\vendor\\laravel\\framework\\src\\Illuminate\\Foundation\\Application.php(914): Illuminate\\Foundation\\Application->bootProvider(Object(Livewire\\LivewireServiceProvider))
#16 [internal function]: Illuminate\\Foundation\\Application->Illuminate\\Foundation\\{closure}(Object(Livewire\\LivewireServiceProvider), 26)
#17 C:\\MAMP\\htdocs\\proposal.staging-sites.com.au\\vendor\\laravel\\framework\\src\\Illuminate\\Foundation\\Application.php(915): array_walk(Array, Object(Closure))
#18 C:\\MAMP\\htdocs\\proposal.staging-sites.com.au\\vendor\\laravel\\framework\\src\\Illuminate\\Foundation\\Bootstrap\\BootProviders.php(17): Illuminate\\Foundation\\Application->boot()
#19 C:\\MAMP\\htdocs\\proposal.staging-sites.com.au\\vendor\\laravel\\framework\\src\\Illuminate\\Foundation\\Application.php(242): Illuminate\\Foundation\\Bootstrap\\BootProviders->bootstrap(Object(Illuminate\\Foundation\\Application))
#20 C:\\MAMP\\htdocs\\proposal.staging-sites.com.au\\vendor\\laravel\\framework\\src\\Illuminate\\Foundation\\Console\\Kernel.php(383): Illuminate\\Foundation\\Application->bootstrapWith(Array)
#21 C:\\MAMP\\htdocs\\proposal.staging-sites.com.au\\vendor\\laravel\\framework\\src\\Illuminate\\Foundation\\Console\\Kernel.php(153): Illuminate\\Foundation\\Console\\Kernel->bootstrap()
#22 C:\\MAMP\\htdocs\\proposal.staging-sites.com.au\\artisan(37): Illuminate\\Foundation\\Console\\Kernel->handle(Object(Symfony\\Component\\Console\\Input\\ArgvInput), Object(Symfony\\Component\\Console\\Output\\ConsoleOutput))
#23 {main}
"} 
[2023-06-27 04:02:59] local.ERROR: Please provide a valid cache path. {"exception":"[object] (InvalidArgumentException(code: 0): Please provide a valid cache path. at C:\\MAMP\\htdocs\\proposal.staging-sites.com.au\\vendor\\laravel\\framework\\src\\Illuminate\\View\\Compilers\\Compiler.php:66)
[stacktrace]
#0 C:\\MAMP\\htdocs\\proposal.staging-sites.com.au\\vendor\\laravel\\framework\\src\\Illuminate\\View\\ViewServiceProvider.php(101): Illuminate\\View\\Compilers\\Compiler->__construct(Object(Illuminate\\Filesystem\\Filesystem), false, '', true, 'php')
#1 C:\\MAMP\\htdocs\\proposal.staging-sites.com.au\\vendor\\laravel\\framework\\src\\Illuminate\\Container\\Container.php(871): Illuminate\\View\\ViewServiceProvider->Illuminate\\View\\{closure}(Object(Illuminate\\Foundation\\Application), Array)
#2 C:\\MAMP\\htdocs\\proposal.staging-sites.com.au\\vendor\\laravel\\framework\\src\\Illuminate\\Container\\Container.php(756): Illuminate\\Container\\Container->build(Object(Closure))
#3 C:\\MAMP\\htdocs\\proposal.staging-sites.com.au\\vendor\\laravel\\framework\\src\\Illuminate\\Foundation\\Application.php(860): Illuminate\\Container\\Container->resolve('blade.compiler', Array, true)
#4 C:\\MAMP\\htdocs\\proposal.staging-sites.com.au\\vendor\\laravel\\framework\\src\\Illuminate\\Container\\Container.php(692): Illuminate\\Foundation\\Application->resolve('blade.compiler', Array)
#5 C:\\MAMP\\htdocs\\proposal.staging-sites.com.au\\vendor\\laravel\\framework\\src\\Illuminate\\Foundation\\Application.php(845): Illuminate\\Container\\Container->make('blade.compiler', Array)
#6 C:\\MAMP\\htdocs\\proposal.staging-sites.com.au\\vendor\\laravel\\framework\\src\\Illuminate\\Container\\Container.php(1419): Illuminate\\Foundation\\Application->make('blade.compiler')
#7 C:\\MAMP\\htdocs\\proposal.staging-sites.com.au\\vendor\\livewire\\livewire\\src\\LivewireServiceProvider.php(272): Illuminate\\Container\\Container->offsetGet('blade.compiler')
#8 C:\\MAMP\\htdocs\\proposal.staging-sites.com.au\\vendor\\livewire\\livewire\\src\\LivewireServiceProvider.php(79): Livewire\\LivewireServiceProvider->registerTagCompiler()
#9 C:\\MAMP\\htdocs\\proposal.staging-sites.com.au\\vendor\\laravel\\framework\\src\\Illuminate\\Container\\BoundMethod.php(36): Livewire\\LivewireServiceProvider->boot()
#10 C:\\MAMP\\htdocs\\proposal.staging-sites.com.au\\vendor\\laravel\\framework\\src\\Illuminate\\Container\\Util.php(41): Illuminate\\Container\\BoundMethod::Illuminate\\Container\\{closure}()
#11 C:\\MAMP\\htdocs\\proposal.staging-sites.com.au\\vendor\\laravel\\framework\\src\\Illuminate\\Container\\BoundMethod.php(93): Illuminate\\Container\\Util::unwrapIfClosure(Object(Closure))
#12 C:\\MAMP\\htdocs\\proposal.staging-sites.com.au\\vendor\\laravel\\framework\\src\\Illuminate\\Container\\BoundMethod.php(37): Illuminate\\Container\\BoundMethod::callBoundMethod(Object(Illuminate\\Foundation\\Application), Array, Object(Closure))
#13 C:\\MAMP\\htdocs\\proposal.staging-sites.com.au\\vendor\\laravel\\framework\\src\\Illuminate\\Container\\Container.php(651): Illuminate\\Container\\BoundMethod::call(Object(Illuminate\\Foundation\\Application), Array, Array, NULL)
#14 C:\\MAMP\\htdocs\\proposal.staging-sites.com.au\\vendor\\laravel\\framework\\src\\Illuminate\\Foundation\\Application.php(933): Illuminate\\Container\\Container->call(Array)
#15 C:\\MAMP\\htdocs\\proposal.staging-sites.com.au\\vendor\\laravel\\framework\\src\\Illuminate\\Foundation\\Application.php(914): Illuminate\\Foundation\\Application->bootProvider(Object(Livewire\\LivewireServiceProvider))
#16 [internal function]: Illuminate\\Foundation\\Application->Illuminate\\Foundation\\{closure}(Object(Livewire\\LivewireServiceProvider), 26)
#17 C:\\MAMP\\htdocs\\proposal.staging-sites.com.au\\vendor\\laravel\\framework\\src\\Illuminate\\Foundation\\Application.php(915): array_walk(Array, Object(Closure))
#18 C:\\MAMP\\htdocs\\proposal.staging-sites.com.au\\vendor\\laravel\\framework\\src\\Illuminate\\Foundation\\Bootstrap\\BootProviders.php(17): Illuminate\\Foundation\\Application->boot()
#19 C:\\MAMP\\htdocs\\proposal.staging-sites.com.au\\vendor\\laravel\\framework\\src\\Illuminate\\Foundation\\Application.php(242): Illuminate\\Foundation\\Bootstrap\\BootProviders->bootstrap(Object(Illuminate\\Foundation\\Application))
#20 C:\\MAMP\\htdocs\\proposal.staging-sites.com.au\\vendor\\laravel\\framework\\src\\Illuminate\\Foundation\\Console\\Kernel.php(383): Illuminate\\Foundation\\Application->bootstrapWith(Array)
#21 C:\\MAMP\\htdocs\\proposal.staging-sites.com.au\\vendor\\laravel\\framework\\src\\Illuminate\\Foundation\\Console\\Kernel.php(153): Illuminate\\Foundation\\Console\\Kernel->bootstrap()
#22 C:\\MAMP\\htdocs\\proposal.staging-sites.com.au\\artisan(37): Illuminate\\Foundation\\Console\\Kernel->handle(Object(Symfony\\Component\\Console\\Input\\ArgvInput), Object(Symfony\\Component\\Console\\Output\\ConsoleOutput))
#23 {main}
"} 
[2023-06-27 21:48:24] local.ERROR: Please provide a valid cache path. {"exception":"[object] (InvalidArgumentException(code: 0): Please provide a valid cache path. at C:\\MAMP\\htdocs\\proposal.staging-sites.com.au\\vendor\\laravel\\framework\\src\\Illuminate\\View\\Compilers\\Compiler.php:66)
[stacktrace]
#0 C:\\MAMP\\htdocs\\proposal.staging-sites.com.au\\vendor\\laravel\\framework\\src\\Illuminate\\View\\ViewServiceProvider.php(101): Illuminate\\View\\Compilers\\Compiler->__construct(Object(Illuminate\\Filesystem\\Filesystem), false, '', true, 'php')
#1 C:\\MAMP\\htdocs\\proposal.staging-sites.com.au\\vendor\\laravel\\framework\\src\\Illuminate\\Container\\Container.php(871): Illuminate\\View\\ViewServiceProvider->Illuminate\\View\\{closure}(Object(Illuminate\\Foundation\\Application), Array)
#2 C:\\MAMP\\htdocs\\proposal.staging-sites.com.au\\vendor\\laravel\\framework\\src\\Illuminate\\Container\\Container.php(756): Illuminate\\Container\\Container->build(Object(Closure))
#3 C:\\MAMP\\htdocs\\proposal.staging-sites.com.au\\vendor\\laravel\\framework\\src\\Illuminate\\Foundation\\Application.php(860): Illuminate\\Container\\Container->resolve('blade.compiler', Array, true)
#4 C:\\MAMP\\htdocs\\proposal.staging-sites.com.au\\vendor\\laravel\\framework\\src\\Illuminate\\Container\\Container.php(692): Illuminate\\Foundation\\Application->resolve('blade.compiler', Array)
#5 C:\\MAMP\\htdocs\\proposal.staging-sites.com.au\\vendor\\laravel\\framework\\src\\Illuminate\\Foundation\\Application.php(845): Illuminate\\Container\\Container->make('blade.compiler', Array)
#6 C:\\MAMP\\htdocs\\proposal.staging-sites.com.au\\vendor\\laravel\\framework\\src\\Illuminate\\Container\\Container.php(1419): Illuminate\\Foundation\\Application->make('blade.compiler')
#7 C:\\MAMP\\htdocs\\proposal.staging-sites.com.au\\vendor\\livewire\\livewire\\src\\LivewireServiceProvider.php(272): Illuminate\\Container\\Container->offsetGet('blade.compiler')
#8 C:\\MAMP\\htdocs\\proposal.staging-sites.com.au\\vendor\\livewire\\livewire\\src\\LivewireServiceProvider.php(79): Livewire\\LivewireServiceProvider->registerTagCompiler()
#9 C:\\MAMP\\htdocs\\proposal.staging-sites.com.au\\vendor\\laravel\\framework\\src\\Illuminate\\Container\\BoundMethod.php(36): Livewire\\LivewireServiceProvider->boot()
#10 C:\\MAMP\\htdocs\\proposal.staging-sites.com.au\\vendor\\laravel\\framework\\src\\Illuminate\\Container\\Util.php(41): Illuminate\\Container\\BoundMethod::Illuminate\\Container\\{closure}()
#11 C:\\MAMP\\htdocs\\proposal.staging-sites.com.au\\vendor\\laravel\\framework\\src\\Illuminate\\Container\\BoundMethod.php(93): Illuminate\\Container\\Util::unwrapIfClosure(Object(Closure))
#12 C:\\MAMP\\htdocs\\proposal.staging-sites.com.au\\vendor\\laravel\\framework\\src\\Illuminate\\Container\\BoundMethod.php(37): Illuminate\\Container\\BoundMethod::callBoundMethod(Object(Illuminate\\Foundation\\Application), Array, Object(Closure))
#13 C:\\MAMP\\htdocs\\proposal.staging-sites.com.au\\vendor\\laravel\\framework\\src\\Illuminate\\Container\\Container.php(651): Illuminate\\Container\\BoundMethod::call(Object(Illuminate\\Foundation\\Application), Array, Array, NULL)
#14 C:\\MAMP\\htdocs\\proposal.staging-sites.com.au\\vendor\\laravel\\framework\\src\\Illuminate\\Foundation\\Application.php(933): Illuminate\\Container\\Container->call(Array)
#15 C:\\MAMP\\htdocs\\proposal.staging-sites.com.au\\vendor\\laravel\\framework\\src\\Illuminate\\Foundation\\Application.php(914): Illuminate\\Foundation\\Application->bootProvider(Object(Livewire\\LivewireServiceProvider))
#16 [internal function]: Illuminate\\Foundation\\Application->Illuminate\\Foundation\\{closure}(Object(Livewire\\LivewireServiceProvider), 26)
#17 C:\\MAMP\\htdocs\\proposal.staging-sites.com.au\\vendor\\laravel\\framework\\src\\Illuminate\\Foundation\\Application.php(915): array_walk(Array, Object(Closure))
#18 C:\\MAMP\\htdocs\\proposal.staging-sites.com.au\\vendor\\laravel\\framework\\src\\Illuminate\\Foundation\\Bootstrap\\BootProviders.php(17): Illuminate\\Foundation\\Application->boot()
#19 C:\\MAMP\\htdocs\\proposal.staging-sites.com.au\\vendor\\laravel\\framework\\src\\Illuminate\\Foundation\\Application.php(242): Illuminate\\Foundation\\Bootstrap\\BootProviders->bootstrap(Object(Illuminate\\Foundation\\Application))
#20 C:\\MAMP\\htdocs\\proposal.staging-sites.com.au\\vendor\\laravel\\framework\\src\\Illuminate\\Foundation\\Console\\Kernel.php(383): Illuminate\\Foundation\\Application->bootstrapWith(Array)
#21 C:\\MAMP\\htdocs\\proposal.staging-sites.com.au\\vendor\\laravel\\framework\\src\\Illuminate\\Foundation\\Console\\Kernel.php(153): Illuminate\\Foundation\\Console\\Kernel->bootstrap()
#22 C:\\MAMP\\htdocs\\proposal.staging-sites.com.au\\artisan(37): Illuminate\\Foundation\\Console\\Kernel->handle(Object(Symfony\\Component\\Console\\Input\\ArgvInput), Object(Symfony\\Component\\Console\\Output\\ConsoleOutput))
#23 {main}
"} 
[2023-09-25 21:42:09] local.ERROR: Please provide a valid cache path. {"exception":"[object] (InvalidArgumentException(code: 0): Please provide a valid cache path. at C:\\htdocs\\proposal.staging-sites.com.au\\vendor\\laravel\\framework\\src\\Illuminate\\View\\Compilers\\Compiler.php:66)
[stacktrace]
#0 C:\\htdocs\\proposal.staging-sites.com.au\\vendor\\laravel\\framework\\src\\Illuminate\\View\\ViewServiceProvider.php(101): Illuminate\\View\\Compilers\\Compiler->__construct(Object(Illuminate\\Filesystem\\Filesystem), false, '', true, 'php')
#1 C:\\htdocs\\proposal.staging-sites.com.au\\vendor\\laravel\\framework\\src\\Illuminate\\Container\\Container.php(871): Illuminate\\View\\ViewServiceProvider->Illuminate\\View\\{closure}(Object(Illuminate\\Foundation\\Application), Array)
#2 C:\\htdocs\\proposal.staging-sites.com.au\\vendor\\laravel\\framework\\src\\Illuminate\\Container\\Container.php(756): Illuminate\\Container\\Container->build(Object(Closure))
#3 C:\\htdocs\\proposal.staging-sites.com.au\\vendor\\laravel\\framework\\src\\Illuminate\\Foundation\\Application.php(860): Illuminate\\Container\\Container->resolve('blade.compiler', Array, true)
#4 C:\\htdocs\\proposal.staging-sites.com.au\\vendor\\laravel\\framework\\src\\Illuminate\\Container\\Container.php(692): Illuminate\\Foundation\\Application->resolve('blade.compiler', Array)
#5 C:\\htdocs\\proposal.staging-sites.com.au\\vendor\\laravel\\framework\\src\\Illuminate\\Foundation\\Application.php(845): Illuminate\\Container\\Container->make('blade.compiler', Array)
#6 C:\\htdocs\\proposal.staging-sites.com.au\\vendor\\laravel\\framework\\src\\Illuminate\\Container\\Container.php(1419): Illuminate\\Foundation\\Application->make('blade.compiler')
#7 C:\\htdocs\\proposal.staging-sites.com.au\\vendor\\livewire\\livewire\\src\\LivewireServiceProvider.php(272): Illuminate\\Container\\Container->offsetGet('blade.compiler')
#8 C:\\htdocs\\proposal.staging-sites.com.au\\vendor\\livewire\\livewire\\src\\LivewireServiceProvider.php(79): Livewire\\LivewireServiceProvider->registerTagCompiler()
#9 C:\\htdocs\\proposal.staging-sites.com.au\\vendor\\laravel\\framework\\src\\Illuminate\\Container\\BoundMethod.php(36): Livewire\\LivewireServiceProvider->boot()
#10 C:\\htdocs\\proposal.staging-sites.com.au\\vendor\\laravel\\framework\\src\\Illuminate\\Container\\Util.php(41): Illuminate\\Container\\BoundMethod::Illuminate\\Container\\{closure}()
#11 C:\\htdocs\\proposal.staging-sites.com.au\\vendor\\laravel\\framework\\src\\Illuminate\\Container\\BoundMethod.php(93): Illuminate\\Container\\Util::unwrapIfClosure(Object(Closure))
#12 C:\\htdocs\\proposal.staging-sites.com.au\\vendor\\laravel\\framework\\src\\Illuminate\\Container\\BoundMethod.php(37): Illuminate\\Container\\BoundMethod::callBoundMethod(Object(Illuminate\\Foundation\\Application), Array, Object(Closure))
#13 C:\\htdocs\\proposal.staging-sites.com.au\\vendor\\laravel\\framework\\src\\Illuminate\\Container\\Container.php(651): Illuminate\\Container\\BoundMethod::call(Object(Illuminate\\Foundation\\Application), Array, Array, NULL)
#14 C:\\htdocs\\proposal.staging-sites.com.au\\vendor\\laravel\\framework\\src\\Illuminate\\Foundation\\Application.php(933): Illuminate\\Container\\Container->call(Array)
#15 C:\\htdocs\\proposal.staging-sites.com.au\\vendor\\laravel\\framework\\src\\Illuminate\\Foundation\\Application.php(914): Illuminate\\Foundation\\Application->bootProvider(Object(Livewire\\LivewireServiceProvider))
#16 [internal function]: Illuminate\\Foundation\\Application->Illuminate\\Foundation\\{closure}(Object(Livewire\\LivewireServiceProvider), 26)
#17 C:\\htdocs\\proposal.staging-sites.com.au\\vendor\\laravel\\framework\\src\\Illuminate\\Foundation\\Application.php(915): array_walk(Array, Object(Closure))
#18 C:\\htdocs\\proposal.staging-sites.com.au\\vendor\\laravel\\framework\\src\\Illuminate\\Foundation\\Bootstrap\\BootProviders.php(17): Illuminate\\Foundation\\Application->boot()
#19 C:\\htdocs\\proposal.staging-sites.com.au\\vendor\\laravel\\framework\\src\\Illuminate\\Foundation\\Application.php(242): Illuminate\\Foundation\\Bootstrap\\BootProviders->bootstrap(Object(Illuminate\\Foundation\\Application))
#20 C:\\htdocs\\proposal.staging-sites.com.au\\vendor\\laravel\\framework\\src\\Illuminate\\Foundation\\Console\\Kernel.php(383): Illuminate\\Foundation\\Application->bootstrapWith(Array)
#21 C:\\htdocs\\proposal.staging-sites.com.au\\vendor\\laravel\\framework\\src\\Illuminate\\Foundation\\Console\\Kernel.php(153): Illuminate\\Foundation\\Console\\Kernel->bootstrap()
#22 C:\\htdocs\\proposal.staging-sites.com.au\\artisan(37): Illuminate\\Foundation\\Console\\Kernel->handle(Object(Symfony\\Component\\Console\\Input\\ArgvInput), Object(Symfony\\Component\\Console\\Output\\ConsoleOutput))
#23 {main}
"} 
[2023-09-26 03:30:18] local.ERROR: Please provide a valid cache path. {"exception":"[object] (InvalidArgumentException(code: 0): Please provide a valid cache path. at C:\\htdocs\\proposal.staging-sites.com.au\\vendor\\laravel\\framework\\src\\Illuminate\\View\\Compilers\\Compiler.php:66)
[stacktrace]
#0 C:\\htdocs\\proposal.staging-sites.com.au\\vendor\\laravel\\framework\\src\\Illuminate\\View\\ViewServiceProvider.php(101): Illuminate\\View\\Compilers\\Compiler->__construct(Object(Illuminate\\Filesystem\\Filesystem), false, '', true, 'php')
#1 C:\\htdocs\\proposal.staging-sites.com.au\\vendor\\laravel\\framework\\src\\Illuminate\\Container\\Container.php(871): Illuminate\\View\\ViewServiceProvider->Illuminate\\View\\{closure}(Object(Illuminate\\Foundation\\Application), Array)
#2 C:\\htdocs\\proposal.staging-sites.com.au\\vendor\\laravel\\framework\\src\\Illuminate\\Container\\Container.php(756): Illuminate\\Container\\Container->build(Object(Closure))
#3 C:\\htdocs\\proposal.staging-sites.com.au\\vendor\\laravel\\framework\\src\\Illuminate\\Foundation\\Application.php(860): Illuminate\\Container\\Container->resolve('blade.compiler', Array, true)
#4 C:\\htdocs\\proposal.staging-sites.com.au\\vendor\\laravel\\framework\\src\\Illuminate\\Container\\Container.php(692): Illuminate\\Foundation\\Application->resolve('blade.compiler', Array)
#5 C:\\htdocs\\proposal.staging-sites.com.au\\vendor\\laravel\\framework\\src\\Illuminate\\Foundation\\Application.php(845): Illuminate\\Container\\Container->make('blade.compiler', Array)
#6 C:\\htdocs\\proposal.staging-sites.com.au\\vendor\\laravel\\framework\\src\\Illuminate\\Container\\Container.php(1419): Illuminate\\Foundation\\Application->make('blade.compiler')
#7 C:\\htdocs\\proposal.staging-sites.com.au\\vendor\\livewire\\livewire\\src\\LivewireServiceProvider.php(272): Illuminate\\Container\\Container->offsetGet('blade.compiler')
#8 C:\\htdocs\\proposal.staging-sites.com.au\\vendor\\livewire\\livewire\\src\\LivewireServiceProvider.php(79): Livewire\\LivewireServiceProvider->registerTagCompiler()
#9 C:\\htdocs\\proposal.staging-sites.com.au\\vendor\\laravel\\framework\\src\\Illuminate\\Container\\BoundMethod.php(36): Livewire\\LivewireServiceProvider->boot()
#10 C:\\htdocs\\proposal.staging-sites.com.au\\vendor\\laravel\\framework\\src\\Illuminate\\Container\\Util.php(41): Illuminate\\Container\\BoundMethod::Illuminate\\Container\\{closure}()
#11 C:\\htdocs\\proposal.staging-sites.com.au\\vendor\\laravel\\framework\\src\\Illuminate\\Container\\BoundMethod.php(93): Illuminate\\Container\\Util::unwrapIfClosure(Object(Closure))
#12 C:\\htdocs\\proposal.staging-sites.com.au\\vendor\\laravel\\framework\\src\\Illuminate\\Container\\BoundMethod.php(37): Illuminate\\Container\\BoundMethod::callBoundMethod(Object(Illuminate\\Foundation\\Application), Array, Object(Closure))
#13 C:\\htdocs\\proposal.staging-sites.com.au\\vendor\\laravel\\framework\\src\\Illuminate\\Container\\Container.php(651): Illuminate\\Container\\BoundMethod::call(Object(Illuminate\\Foundation\\Application), Array, Array, NULL)
#14 C:\\htdocs\\proposal.staging-sites.com.au\\vendor\\laravel\\framework\\src\\Illuminate\\Foundation\\Application.php(933): Illuminate\\Container\\Container->call(Array)
#15 C:\\htdocs\\proposal.staging-sites.com.au\\vendor\\laravel\\framework\\src\\Illuminate\\Foundation\\Application.php(914): Illuminate\\Foundation\\Application->bootProvider(Object(Livewire\\LivewireServiceProvider))
#16 [internal function]: Illuminate\\Foundation\\Application->Illuminate\\Foundation\\{closure}(Object(Livewire\\LivewireServiceProvider), 26)
#17 C:\\htdocs\\proposal.staging-sites.com.au\\vendor\\laravel\\framework\\src\\Illuminate\\Foundation\\Application.php(915): array_walk(Array, Object(Closure))
#18 C:\\htdocs\\proposal.staging-sites.com.au\\vendor\\laravel\\framework\\src\\Illuminate\\Foundation\\Bootstrap\\BootProviders.php(17): Illuminate\\Foundation\\Application->boot()
#19 C:\\htdocs\\proposal.staging-sites.com.au\\vendor\\laravel\\framework\\src\\Illuminate\\Foundation\\Application.php(242): Illuminate\\Foundation\\Bootstrap\\BootProviders->bootstrap(Object(Illuminate\\Foundation\\Application))
#20 C:\\htdocs\\proposal.staging-sites.com.au\\vendor\\laravel\\framework\\src\\Illuminate\\Foundation\\Console\\Kernel.php(383): Illuminate\\Foundation\\Application->bootstrapWith(Array)
#21 C:\\htdocs\\proposal.staging-sites.com.au\\vendor\\laravel\\framework\\src\\Illuminate\\Foundation\\Console\\Kernel.php(153): Illuminate\\Foundation\\Console\\Kernel->bootstrap()
#22 C:\\htdocs\\proposal.staging-sites.com.au\\artisan(37): Illuminate\\Foundation\\Console\\Kernel->handle(Object(Symfony\\Component\\Console\\Input\\ArgvInput), Object(Symfony\\Component\\Console\\Output\\ConsoleOutput))
#23 {main}
"} 
[2023-09-26 21:31:29] local.ERROR: Please provide a valid cache path. {"exception":"[object] (InvalidArgumentException(code: 0): Please provide a valid cache path. at C:\\htdocs\\proposal.staging-sites.com.au\\vendor\\laravel\\framework\\src\\Illuminate\\View\\Compilers\\Compiler.php:66)
[stacktrace]
#0 C:\\htdocs\\proposal.staging-sites.com.au\\vendor\\laravel\\framework\\src\\Illuminate\\View\\ViewServiceProvider.php(101): Illuminate\\View\\Compilers\\Compiler->__construct(Object(Illuminate\\Filesystem\\Filesystem), false, '', true, 'php')
#1 C:\\htdocs\\proposal.staging-sites.com.au\\vendor\\laravel\\framework\\src\\Illuminate\\Container\\Container.php(871): Illuminate\\View\\ViewServiceProvider->Illuminate\\View\\{closure}(Object(Illuminate\\Foundation\\Application), Array)
#2 C:\\htdocs\\proposal.staging-sites.com.au\\vendor\\laravel\\framework\\src\\Illuminate\\Container\\Container.php(756): Illuminate\\Container\\Container->build(Object(Closure))
#3 C:\\htdocs\\proposal.staging-sites.com.au\\vendor\\laravel\\framework\\src\\Illuminate\\Foundation\\Application.php(860): Illuminate\\Container\\Container->resolve('blade.compiler', Array, true)
#4 C:\\htdocs\\proposal.staging-sites.com.au\\vendor\\laravel\\framework\\src\\Illuminate\\Container\\Container.php(692): Illuminate\\Foundation\\Application->resolve('blade.compiler', Array)
#5 C:\\htdocs\\proposal.staging-sites.com.au\\vendor\\laravel\\framework\\src\\Illuminate\\Foundation\\Application.php(845): Illuminate\\Container\\Container->make('blade.compiler', Array)
#6 C:\\htdocs\\proposal.staging-sites.com.au\\vendor\\laravel\\framework\\src\\Illuminate\\Container\\Container.php(1419): Illuminate\\Foundation\\Application->make('blade.compiler')
#7 C:\\htdocs\\proposal.staging-sites.com.au\\vendor\\livewire\\livewire\\src\\LivewireServiceProvider.php(272): Illuminate\\Container\\Container->offsetGet('blade.compiler')
#8 C:\\htdocs\\proposal.staging-sites.com.au\\vendor\\livewire\\livewire\\src\\LivewireServiceProvider.php(79): Livewire\\LivewireServiceProvider->registerTagCompiler()
#9 C:\\htdocs\\proposal.staging-sites.com.au\\vendor\\laravel\\framework\\src\\Illuminate\\Container\\BoundMethod.php(36): Livewire\\LivewireServiceProvider->boot()
#10 C:\\htdocs\\proposal.staging-sites.com.au\\vendor\\laravel\\framework\\src\\Illuminate\\Container\\Util.php(41): Illuminate\\Container\\BoundMethod::Illuminate\\Container\\{closure}()
#11 C:\\htdocs\\proposal.staging-sites.com.au\\vendor\\laravel\\framework\\src\\Illuminate\\Container\\BoundMethod.php(93): Illuminate\\Container\\Util::unwrapIfClosure(Object(Closure))
#12 C:\\htdocs\\proposal.staging-sites.com.au\\vendor\\laravel\\framework\\src\\Illuminate\\Container\\BoundMethod.php(37): Illuminate\\Container\\BoundMethod::callBoundMethod(Object(Illuminate\\Foundation\\Application), Array, Object(Closure))
#13 C:\\htdocs\\proposal.staging-sites.com.au\\vendor\\laravel\\framework\\src\\Illuminate\\Container\\Container.php(651): Illuminate\\Container\\BoundMethod::call(Object(Illuminate\\Foundation\\Application), Array, Array, NULL)
#14 C:\\htdocs\\proposal.staging-sites.com.au\\vendor\\laravel\\framework\\src\\Illuminate\\Foundation\\Application.php(933): Illuminate\\Container\\Container->call(Array)
#15 C:\\htdocs\\proposal.staging-sites.com.au\\vendor\\laravel\\framework\\src\\Illuminate\\Foundation\\Application.php(914): Illuminate\\Foundation\\Application->bootProvider(Object(Livewire\\LivewireServiceProvider))
#16 [internal function]: Illuminate\\Foundation\\Application->Illuminate\\Foundation\\{closure}(Object(Livewire\\LivewireServiceProvider), 26)
#17 C:\\htdocs\\proposal.staging-sites.com.au\\vendor\\laravel\\framework\\src\\Illuminate\\Foundation\\Application.php(915): array_walk(Array, Object(Closure))
#18 C:\\htdocs\\proposal.staging-sites.com.au\\vendor\\laravel\\framework\\src\\Illuminate\\Foundation\\Bootstrap\\BootProviders.php(17): Illuminate\\Foundation\\Application->boot()
#19 C:\\htdocs\\proposal.staging-sites.com.au\\vendor\\laravel\\framework\\src\\Illuminate\\Foundation\\Application.php(242): Illuminate\\Foundation\\Bootstrap\\BootProviders->bootstrap(Object(Illuminate\\Foundation\\Application))
#20 C:\\htdocs\\proposal.staging-sites.com.au\\vendor\\laravel\\framework\\src\\Illuminate\\Foundation\\Console\\Kernel.php(383): Illuminate\\Foundation\\Application->bootstrapWith(Array)
#21 C:\\htdocs\\proposal.staging-sites.com.au\\vendor\\laravel\\framework\\src\\Illuminate\\Foundation\\Console\\Kernel.php(153): Illuminate\\Foundation\\Console\\Kernel->bootstrap()
#22 C:\\htdocs\\proposal.staging-sites.com.au\\artisan(37): Illuminate\\Foundation\\Console\\Kernel->handle(Object(Symfony\\Component\\Console\\Input\\ArgvInput), Object(Symfony\\Component\\Console\\Output\\ConsoleOutput))
#23 {main}
"} 
[2023-10-04 00:39:16] local.ERROR: Please provide a valid cache path. {"exception":"[object] (InvalidArgumentException(code: 0): Please provide a valid cache path. at C:\\htdocs\\proposal.staging-sites.com.au\\vendor\\laravel\\framework\\src\\Illuminate\\View\\Compilers\\Compiler.php:66)
[stacktrace]
#0 C:\\htdocs\\proposal.staging-sites.com.au\\vendor\\laravel\\framework\\src\\Illuminate\\View\\ViewServiceProvider.php(101): Illuminate\\View\\Compilers\\Compiler->__construct(Object(Illuminate\\Filesystem\\Filesystem), false, '', true, 'php')
#1 C:\\htdocs\\proposal.staging-sites.com.au\\vendor\\laravel\\framework\\src\\Illuminate\\Container\\Container.php(871): Illuminate\\View\\ViewServiceProvider->Illuminate\\View\\{closure}(Object(Illuminate\\Foundation\\Application), Array)
#2 C:\\htdocs\\proposal.staging-sites.com.au\\vendor\\laravel\\framework\\src\\Illuminate\\Container\\Container.php(756): Illuminate\\Container\\Container->build(Object(Closure))
#3 C:\\htdocs\\proposal.staging-sites.com.au\\vendor\\laravel\\framework\\src\\Illuminate\\Foundation\\Application.php(860): Illuminate\\Container\\Container->resolve('blade.compiler', Array, true)
#4 C:\\htdocs\\proposal.staging-sites.com.au\\vendor\\laravel\\framework\\src\\Illuminate\\Container\\Container.php(692): Illuminate\\Foundation\\Application->resolve('blade.compiler', Array)
#5 C:\\htdocs\\proposal.staging-sites.com.au\\vendor\\laravel\\framework\\src\\Illuminate\\Foundation\\Application.php(845): Illuminate\\Container\\Container->make('blade.compiler', Array)
#6 C:\\htdocs\\proposal.staging-sites.com.au\\vendor\\laravel\\framework\\src\\Illuminate\\Container\\Container.php(1419): Illuminate\\Foundation\\Application->make('blade.compiler')
#7 C:\\htdocs\\proposal.staging-sites.com.au\\vendor\\livewire\\livewire\\src\\LivewireServiceProvider.php(272): Illuminate\\Container\\Container->offsetGet('blade.compiler')
#8 C:\\htdocs\\proposal.staging-sites.com.au\\vendor\\livewire\\livewire\\src\\LivewireServiceProvider.php(79): Livewire\\LivewireServiceProvider->registerTagCompiler()
#9 C:\\htdocs\\proposal.staging-sites.com.au\\vendor\\laravel\\framework\\src\\Illuminate\\Container\\BoundMethod.php(36): Livewire\\LivewireServiceProvider->boot()
#10 C:\\htdocs\\proposal.staging-sites.com.au\\vendor\\laravel\\framework\\src\\Illuminate\\Container\\Util.php(41): Illuminate\\Container\\BoundMethod::Illuminate\\Container\\{closure}()
#11 C:\\htdocs\\proposal.staging-sites.com.au\\vendor\\laravel\\framework\\src\\Illuminate\\Container\\BoundMethod.php(93): Illuminate\\Container\\Util::unwrapIfClosure(Object(Closure))
#12 C:\\htdocs\\proposal.staging-sites.com.au\\vendor\\laravel\\framework\\src\\Illuminate\\Container\\BoundMethod.php(37): Illuminate\\Container\\BoundMethod::callBoundMethod(Object(Illuminate\\Foundation\\Application), Array, Object(Closure))
#13 C:\\htdocs\\proposal.staging-sites.com.au\\vendor\\laravel\\framework\\src\\Illuminate\\Container\\Container.php(651): Illuminate\\Container\\BoundMethod::call(Object(Illuminate\\Foundation\\Application), Array, Array, NULL)
#14 C:\\htdocs\\proposal.staging-sites.com.au\\vendor\\laravel\\framework\\src\\Illuminate\\Foundation\\Application.php(933): Illuminate\\Container\\Container->call(Array)
#15 C:\\htdocs\\proposal.staging-sites.com.au\\vendor\\laravel\\framework\\src\\Illuminate\\Foundation\\Application.php(914): Illuminate\\Foundation\\Application->bootProvider(Object(Livewire\\LivewireServiceProvider))
#16 [internal function]: Illuminate\\Foundation\\Application->Illuminate\\Foundation\\{closure}(Object(Livewire\\LivewireServiceProvider), 26)
#17 C:\\htdocs\\proposal.staging-sites.com.au\\vendor\\laravel\\framework\\src\\Illuminate\\Foundation\\Application.php(915): array_walk(Array, Object(Closure))
#18 C:\\htdocs\\proposal.staging-sites.com.au\\vendor\\laravel\\framework\\src\\Illuminate\\Foundation\\Bootstrap\\BootProviders.php(17): Illuminate\\Foundation\\Application->boot()
#19 C:\\htdocs\\proposal.staging-sites.com.au\\vendor\\laravel\\framework\\src\\Illuminate\\Foundation\\Application.php(242): Illuminate\\Foundation\\Bootstrap\\BootProviders->bootstrap(Object(Illuminate\\Foundation\\Application))
#20 C:\\htdocs\\proposal.staging-sites.com.au\\vendor\\laravel\\framework\\src\\Illuminate\\Foundation\\Console\\Kernel.php(383): Illuminate\\Foundation\\Application->bootstrapWith(Array)
#21 C:\\htdocs\\proposal.staging-sites.com.au\\vendor\\laravel\\framework\\src\\Illuminate\\Foundation\\Console\\Kernel.php(153): Illuminate\\Foundation\\Console\\Kernel->bootstrap()
#22 C:\\htdocs\\proposal.staging-sites.com.au\\artisan(37): Illuminate\\Foundation\\Console\\Kernel->handle(Object(Symfony\\Component\\Console\\Input\\ArgvInput), Object(Symfony\\Component\\Console\\Output\\ConsoleOutput))
#23 {main}
"} 
[2023-11-29 00:38:24] local.ERROR: Please provide a valid cache path. {"exception":"[object] (InvalidArgumentException(code: 0): Please provide a valid cache path. at C:\\htdocs\\proposal.staging-sites.com.au\\vendor\\laravel\\framework\\src\\Illuminate\\View\\Compilers\\Compiler.php:66)
[stacktrace]
#0 C:\\htdocs\\proposal.staging-sites.com.au\\vendor\\laravel\\framework\\src\\Illuminate\\View\\ViewServiceProvider.php(101): Illuminate\\View\\Compilers\\Compiler->__construct(Object(Illuminate\\Filesystem\\Filesystem), false, '', true, 'php')
#1 C:\\htdocs\\proposal.staging-sites.com.au\\vendor\\laravel\\framework\\src\\Illuminate\\Container\\Container.php(871): Illuminate\\View\\ViewServiceProvider->Illuminate\\View\\{closure}(Object(Illuminate\\Foundation\\Application), Array)
#2 C:\\htdocs\\proposal.staging-sites.com.au\\vendor\\laravel\\framework\\src\\Illuminate\\Container\\Container.php(756): Illuminate\\Container\\Container->build(Object(Closure))
#3 C:\\htdocs\\proposal.staging-sites.com.au\\vendor\\laravel\\framework\\src\\Illuminate\\Foundation\\Application.php(860): Illuminate\\Container\\Container->resolve('blade.compiler', Array, true)
#4 C:\\htdocs\\proposal.staging-sites.com.au\\vendor\\laravel\\framework\\src\\Illuminate\\Container\\Container.php(692): Illuminate\\Foundation\\Application->resolve('blade.compiler', Array)
#5 C:\\htdocs\\proposal.staging-sites.com.au\\vendor\\laravel\\framework\\src\\Illuminate\\Foundation\\Application.php(845): Illuminate\\Container\\Container->make('blade.compiler', Array)
#6 C:\\htdocs\\proposal.staging-sites.com.au\\vendor\\laravel\\framework\\src\\Illuminate\\Container\\Container.php(1419): Illuminate\\Foundation\\Application->make('blade.compiler')
#7 C:\\htdocs\\proposal.staging-sites.com.au\\vendor\\livewire\\livewire\\src\\LivewireServiceProvider.php(272): Illuminate\\Container\\Container->offsetGet('blade.compiler')
#8 C:\\htdocs\\proposal.staging-sites.com.au\\vendor\\livewire\\livewire\\src\\LivewireServiceProvider.php(79): Livewire\\LivewireServiceProvider->registerTagCompiler()
#9 C:\\htdocs\\proposal.staging-sites.com.au\\vendor\\laravel\\framework\\src\\Illuminate\\Container\\BoundMethod.php(36): Livewire\\LivewireServiceProvider->boot()
#10 C:\\htdocs\\proposal.staging-sites.com.au\\vendor\\laravel\\framework\\src\\Illuminate\\Container\\Util.php(41): Illuminate\\Container\\BoundMethod::Illuminate\\Container\\{closure}()
#11 C:\\htdocs\\proposal.staging-sites.com.au\\vendor\\laravel\\framework\\src\\Illuminate\\Container\\BoundMethod.php(93): Illuminate\\Container\\Util::unwrapIfClosure(Object(Closure))
#12 C:\\htdocs\\proposal.staging-sites.com.au\\vendor\\laravel\\framework\\src\\Illuminate\\Container\\BoundMethod.php(37): Illuminate\\Container\\BoundMethod::callBoundMethod(Object(Illuminate\\Foundation\\Application), Array, Object(Closure))
#13 C:\\htdocs\\proposal.staging-sites.com.au\\vendor\\laravel\\framework\\src\\Illuminate\\Container\\Container.php(651): Illuminate\\Container\\BoundMethod::call(Object(Illuminate\\Foundation\\Application), Array, Array, NULL)
#14 C:\\htdocs\\proposal.staging-sites.com.au\\vendor\\laravel\\framework\\src\\Illuminate\\Foundation\\Application.php(933): Illuminate\\Container\\Container->call(Array)
#15 C:\\htdocs\\proposal.staging-sites.com.au\\vendor\\laravel\\framework\\src\\Illuminate\\Foundation\\Application.php(914): Illuminate\\Foundation\\Application->bootProvider(Object(Livewire\\LivewireServiceProvider))
#16 [internal function]: Illuminate\\Foundation\\Application->Illuminate\\Foundation\\{closure}(Object(Livewire\\LivewireServiceProvider), 26)
#17 C:\\htdocs\\proposal.staging-sites.com.au\\vendor\\laravel\\framework\\src\\Illuminate\\Foundation\\Application.php(915): array_walk(Array, Object(Closure))
#18 C:\\htdocs\\proposal.staging-sites.com.au\\vendor\\laravel\\framework\\src\\Illuminate\\Foundation\\Bootstrap\\BootProviders.php(17): Illuminate\\Foundation\\Application->boot()
#19 C:\\htdocs\\proposal.staging-sites.com.au\\vendor\\laravel\\framework\\src\\Illuminate\\Foundation\\Application.php(242): Illuminate\\Foundation\\Bootstrap\\BootProviders->bootstrap(Object(Illuminate\\Foundation\\Application))
#20 C:\\htdocs\\proposal.staging-sites.com.au\\vendor\\laravel\\framework\\src\\Illuminate\\Foundation\\Console\\Kernel.php(383): Illuminate\\Foundation\\Application->bootstrapWith(Array)
#21 C:\\htdocs\\proposal.staging-sites.com.au\\vendor\\laravel\\framework\\src\\Illuminate\\Foundation\\Console\\Kernel.php(153): Illuminate\\Foundation\\Console\\Kernel->bootstrap()
#22 C:\\htdocs\\proposal.staging-sites.com.au\\artisan(37): Illuminate\\Foundation\\Console\\Kernel->handle(Object(Symfony\\Component\\Console\\Input\\ArgvInput), Object(Symfony\\Component\\Console\\Output\\ConsoleOutput))
#23 {main}
"} 
[2023-11-29 00:40:57] local.ERROR: Class "LaravelDocusign\DocusignServiceProvider" not found {"exception":"[object] (Error(code: 0): Class \"LaravelDocusign\\DocusignServiceProvider\" not found at C:\\htdocs\\proposal.staging-sites.com.au\\vendor\\laravel\\framework\\src\\Illuminate\\Foundation\\ProviderRepository.php:208)
[stacktrace]
#0 C:\\htdocs\\proposal.staging-sites.com.au\\vendor\\laravel\\framework\\src\\Illuminate\\Foundation\\ProviderRepository.php(144): Illuminate\\Foundation\\ProviderRepository->createProvider('LaravelDocusign...')
#1 C:\\htdocs\\proposal.staging-sites.com.au\\vendor\\laravel\\framework\\src\\Illuminate\\Foundation\\ProviderRepository.php(61): Illuminate\\Foundation\\ProviderRepository->compileManifest(Array)
#2 C:\\htdocs\\proposal.staging-sites.com.au\\vendor\\laravel\\framework\\src\\Illuminate\\Foundation\\Application.php(666): Illuminate\\Foundation\\ProviderRepository->load(Array)
#3 C:\\htdocs\\proposal.staging-sites.com.au\\vendor\\laravel\\framework\\src\\Illuminate\\Foundation\\Bootstrap\\RegisterProviders.php(17): Illuminate\\Foundation\\Application->registerConfiguredProviders()
#4 C:\\htdocs\\proposal.staging-sites.com.au\\vendor\\laravel\\framework\\src\\Illuminate\\Foundation\\Application.php(242): Illuminate\\Foundation\\Bootstrap\\RegisterProviders->bootstrap(Object(Illuminate\\Foundation\\Application))
#5 C:\\htdocs\\proposal.staging-sites.com.au\\vendor\\laravel\\framework\\src\\Illuminate\\Foundation\\Console\\Kernel.php(383): Illuminate\\Foundation\\Application->bootstrapWith(Array)
#6 C:\\htdocs\\proposal.staging-sites.com.au\\vendor\\laravel\\framework\\src\\Illuminate\\Foundation\\Console\\Kernel.php(153): Illuminate\\Foundation\\Console\\Kernel->bootstrap()
#7 C:\\htdocs\\proposal.staging-sites.com.au\\artisan(37): Illuminate\\Foundation\\Console\\Kernel->handle(Object(Symfony\\Component\\Console\\Input\\ArgvInput), Object(Symfony\\Component\\Console\\Output\\ConsoleOutput))
#8 {main}
"} 
[2023-11-29 00:44:09] local.ERROR: Class "LaravelDocusign\DocusignServiceProvider" not found {"exception":"[object] (Error(code: 0): Class \"LaravelDocusign\\DocusignServiceProvider\" not found at C:\\htdocs\\proposal.staging-sites.com.au\\vendor\\laravel\\framework\\src\\Illuminate\\Foundation\\ProviderRepository.php:206)
[stacktrace]
#0 C:\\htdocs\\proposal.staging-sites.com.au\\vendor\\laravel\\framework\\src\\Illuminate\\Foundation\\ProviderRepository.php(142): Illuminate\\Foundation\\ProviderRepository->createProvider('LaravelDocusign...')
#1 C:\\htdocs\\proposal.staging-sites.com.au\\vendor\\laravel\\framework\\src\\Illuminate\\Foundation\\ProviderRepository.php(61): Illuminate\\Foundation\\ProviderRepository->compileManifest(Array)
#2 C:\\htdocs\\proposal.staging-sites.com.au\\vendor\\laravel\\framework\\src\\Illuminate\\Foundation\\Application.php(763): Illuminate\\Foundation\\ProviderRepository->load(Array)
#3 C:\\htdocs\\proposal.staging-sites.com.au\\vendor\\laravel\\framework\\src\\Illuminate\\Foundation\\Bootstrap\\RegisterProviders.php(17): Illuminate\\Foundation\\Application->registerConfiguredProviders()
#4 C:\\htdocs\\proposal.staging-sites.com.au\\vendor\\laravel\\framework\\src\\Illuminate\\Foundation\\Application.php(261): Illuminate\\Foundation\\Bootstrap\\RegisterProviders->bootstrap(Object(Illuminate\\Foundation\\Application))
#5 C:\\htdocs\\proposal.staging-sites.com.au\\vendor\\laravel\\framework\\src\\Illuminate\\Foundation\\Console\\Kernel.php(447): Illuminate\\Foundation\\Application->bootstrapWith(Array)
#6 C:\\htdocs\\proposal.staging-sites.com.au\\vendor\\laravel\\framework\\src\\Illuminate\\Foundation\\Console\\Kernel.php(199): Illuminate\\Foundation\\Console\\Kernel->bootstrap()
#7 C:\\htdocs\\proposal.staging-sites.com.au\\artisan(37): Illuminate\\Foundation\\Console\\Kernel->handle(Object(Symfony\\Component\\Console\\Input\\ArgvInput), Object(Symfony\\Component\\Console\\Output\\ConsoleOutput))
#8 {main}
"} 
